<?xml version="1.0" encoding="UTF-8"?>
<!-- Generated by org.testng.reporters.JUnitXMLReporter -->
<testsuite hostname="psslass11153-System-Product-Name" ignored="0" name="Default test" tests="2" failures="0" timestamp="04 Jun 2018 11:09:55 GMT" time="216.212" errors="0">
  <testcase name="DuplicateFeedback" time="119.341" classname="Framework.TestingFramework.test.FeedbackTest"/>
  <testcase name="RaiseApproveRejectFeed" time="80.751" classname="Framework.TestingFramework.test.FeedbackTest"/>
</testsuite> <!-- Default test -->
