<?xml version="1.0" encoding="UTF-8"?>
<!-- Generated by org.testng.reporters.JUnitXMLReporter -->
<testsuite hostname="psslass11153-System-Product-Name" ignored="0" name="Simple Test" tests="2" failures="0" timestamp="18 May 2018 11:17:51 GMT" time="138.633" errors="0">
  <testcase name="RaiseApproveRejectFeed" time="79.805" classname="Framework.TestingFramework.test.FeedbackTest"/>
  <testcase name="DuplicateFeedback" time="54.952" classname="Framework.TestingFramework.test.FeedbackTest"/>
</testsuite> <!-- Simple Test -->
