<?xml version="1.0" encoding="UTF-8"?>
<!-- Generated by org.testng.reporters.JUnitXMLReporter -->
<testsuite hostname="psslass11153-System-Product-Name" ignored="5" tests="0" failures="0" timestamp="18 Sep 2018 10:08:18 GMT" time="1.582" errors="0">
  <testcase name="Assign_OpenForRefferal_Requisition" time="0.0" classname="Framework.TestingFramework.test.RequisitionTest">
    <ignored/>
  </testcase> <!-- Assign_OpenForRefferal_Requisition -->
  <testcase name="TagCandidate_Requisition" time="0.0" classname="Framework.TestingFramework.test.RequisitionTest">
    <ignored/>
  </testcase> <!-- TagCandidate_Requisition -->
  <testcase name="Delete_Requisition" time="0.0" classname="Framework.TestingFramework.test.RequisitionTest">
    <ignored/>
  </testcase> <!-- Delete_Requisition -->
  <testcase name="Copy_Requisition" time="0.0" classname="Framework.TestingFramework.test.RequisitionTest">
    <ignored/>
  </testcase> <!-- Copy_Requisition -->
  <testcase name="Create_Approve_Reject_Requisition" time="0.0" classname="Framework.TestingFramework.test.RequisitionTest">
    <ignored/>
  </testcase> <!-- Create_Approve_Reject_Requisition -->
</testsuite>
