<?xml version="1.0" encoding="UTF-8"?>
<testsuite xmlns:xsi="http://www.w3.org/2001/XMLSchema-instance" xsi:schemaLocation="https://maven.apache.org/surefire/maven-surefire-plugin/xsd/surefire-test-report.xsd" name="TestSuite" time="152.847" tests="7" errors="0" skipped="0" failures="7">
  <properties>
[...]
</properties>
  <testcase name="RaiseApproveRejectFeed" classname="Framework.TestingFramework.test.FeedbackTest" time="73.01">
    <failure message="Expected condition failed: waiting for visibility of Proxy element for: DefaultElementLocator &apos;By.all({By.xpath: //span[@class=&apos;md-toast-text ng-binding flex&apos;]})&apos; (tried for 30 second(s) with 500 milliseconds interval)" type="org.openqa.selenium.TimeoutException">org.openqa.selenium.TimeoutException: Expected condition failed: waiting for visibility of Proxy element for: DefaultElementLocator 'By.all({By.xpath: //span[@class='md-toast-text ng-binding flex']})' (tried for 30 second(s) with 500 milliseconds interval)
	at Framework.TestingFramework.test.FeedbackTest.RaiseApproveRejectFeed(FeedbackTest.java:31)
Caused by: org.openqa.selenium.NoSuchElementException: 
Cannot locate an element using By.all({By.xpath: //span[@class='md-toast-text ng-binding flex']})
For documentation on this error, please visit: http://seleniumhq.org/exceptions/no_such_element.html
Build info: version: '3.12.0', revision: '7c6e0b3', time: '2018-05-08T14:04:26.12Z'
System info: host: 'psslass11153-System-Product-Name', ip: '127.0.1.1', os.name: 'Linux', os.arch: 'amd64', os.version: '3.13.0-141-generic', java.version: '1.8.0_161'
Driver info: driver.version: EventFiringWebDriver
	at Framework.TestingFramework.test.FeedbackTest.RaiseApproveRejectFeed(FeedbackTest.java:31)
</failure>
    <system-out><![CDATA[TC_FB_02>>>>>>>>>>>>>>>>>>>>>>>>>>>>>>>2
TC_FB_01>>>>>>>>>>>>>>>>>>>>>>>>>>>>>>>1
TC_RE_01>>>>>>>>>>>>>>>>>>>>>>>>>>>>>>>0
TC_DSR_01>>>>>>>>>>>>>>>>>>>>>>>>>>>>>>>3
src//test//resources//chromedriver
CheckRaisefeedback-->ankit@zz.com
swapnil@zz.com
Ankit Sharma
CheckRaisefeedback-->Ankit Sharma
Login Successful
We are at page-->Lyra Dashboard
Inside HR Section
]]></system-out>
    <system-err><![CDATA[May 31, 2018 6:56:14 PM org.openqa.selenium.remote.DesiredCapabilities chrome
INFO: Using `new ChromeOptions()` is preferred to `DesiredCapabilities.chrome()`
Starting ChromeDriver 2.38.552522 (437e6fbedfa8762dec75e2c5b3ddb86763dc9dcb) on port 14884
Only local connections are allowed.
May 31, 2018 6:56:16 PM org.openqa.selenium.remote.ProtocolHandshake createSession
INFO: Detected dialect: OSS
]]></system-err>
  </testcase>
  <testcase name="DuplicateFeedback" classname="Framework.TestingFramework.test.FeedbackTest" time="66.462">
    <failure message="Expected condition failed: waiting for visibility of Proxy element for: DefaultElementLocator &apos;By.all({By.xpath: //span[@class=&apos;md-toast-text ng-binding flex&apos;]})&apos; (tried for 30 second(s) with 500 milliseconds interval)" type="org.openqa.selenium.TimeoutException">org.openqa.selenium.TimeoutException: Expected condition failed: waiting for visibility of Proxy element for: DefaultElementLocator 'By.all({By.xpath: //span[@class='md-toast-text ng-binding flex']})' (tried for 30 second(s) with 500 milliseconds interval)
	at Framework.TestingFramework.test.FeedbackTest.DuplicateFeedback(FeedbackTest.java:38)
Caused by: org.openqa.selenium.NoSuchElementException: 
Cannot locate an element using By.all({By.xpath: //span[@class='md-toast-text ng-binding flex']})
For documentation on this error, please visit: http://seleniumhq.org/exceptions/no_such_element.html
Build info: version: '3.12.0', revision: '7c6e0b3', time: '2018-05-08T14:04:26.12Z'
System info: host: 'psslass11153-System-Product-Name', ip: '127.0.1.1', os.name: 'Linux', os.arch: 'amd64', os.version: '3.13.0-141-generic', java.version: '1.8.0_161'
Driver info: driver.version: EventFiringWebDriver
	at Framework.TestingFramework.test.FeedbackTest.DuplicateFeedback(FeedbackTest.java:38)
</failure>
    <system-out><![CDATA[aman@zz.com
Virat kohli
Login Successful
We are at page-->Feedback
Already at Feedback Page.
]]></system-out>
  </testcase>
  <testcase name="RaiseExpense" classname="Framework.TestingFramework.test.RaiseExpenseTest" time="0.035">
    <failure message="Session ID is null. Using WebDriver after calling quit()?&#10;Build info: version: &apos;3.12.0&apos;, revision: &apos;7c6e0b3&apos;, time: &apos;2018-05-08T14:04:26.12Z&apos;&#10;System info: host: &apos;psslass11153-System-Product-Name&apos;, ip: &apos;127.0.1.1&apos;, os.name: &apos;Linux&apos;, os.arch: &apos;amd64&apos;, os.version: &apos;3.13.0-141-generic&apos;, java.version: &apos;1.8.0_161&apos;&#10;Driver info: driver.version: EventFiringWebDriver" type="org.openqa.selenium.NoSuchSessionException">org.openqa.selenium.NoSuchSessionException: 
Session ID is null. Using WebDriver after calling quit()?
Build info: version: '3.12.0', revision: '7c6e0b3', time: '2018-05-08T14:04:26.12Z'
System info: host: 'psslass11153-System-Product-Name', ip: '127.0.1.1', os.name: 'Linux', os.arch: 'amd64', os.version: '3.13.0-141-generic', java.version: '1.8.0_161'
Driver info: driver.version: EventFiringWebDriver
	at Framework.TestingFramework.test.RaiseExpenseTest.RaiseExpense(RaiseExpenseTest.java:35)
</failure>
    <system-out><![CDATA[src//test//resources//chromedriver
/home/psslass11153/Desktop/LoginDetails.xlsx




]]></system-out>
    <system-err><![CDATA[May 31, 2018 6:58:36 PM org.openqa.selenium.remote.DesiredCapabilities chrome
INFO: Using `new ChromeOptions()` is preferred to `DesiredCapabilities.chrome()`
Starting ChromeDriver 2.38.552522 (437e6fbedfa8762dec75e2c5b3ddb86763dc9dcb) on port 31016
Only local connections are allowed.
May 31, 2018 6:58:40 PM org.openqa.selenium.remote.ProtocolHandshake createSession
INFO: Detected dialect: OSS
]]></system-err>
  </testcase>
  <testcase name="RaiseExpense" classname="Framework.TestingFramework.test.RaiseExpenseTest" time="0.002">
    <failure message="Session ID is null. Using WebDriver after calling quit()?&#10;Build info: version: &apos;3.12.0&apos;, revision: &apos;7c6e0b3&apos;, time: &apos;2018-05-08T14:04:26.12Z&apos;&#10;System info: host: &apos;psslass11153-System-Product-Name&apos;, ip: &apos;127.0.1.1&apos;, os.name: &apos;Linux&apos;, os.arch: &apos;amd64&apos;, os.version: &apos;3.13.0-141-generic&apos;, java.version: &apos;1.8.0_161&apos;&#10;Driver info: driver.version: EventFiringWebDriver" type="org.openqa.selenium.NoSuchSessionException">org.openqa.selenium.NoSuchSessionException: 
Session ID is null. Using WebDriver after calling quit()?
Build info: version: '3.12.0', revision: '7c6e0b3', time: '2018-05-08T14:04:26.12Z'
System info: host: 'psslass11153-System-Product-Name', ip: '127.0.1.1', os.name: 'Linux', os.arch: 'amd64', os.version: '3.13.0-141-generic', java.version: '1.8.0_161'
Driver info: driver.version: EventFiringWebDriver
	at Framework.TestingFramework.test.RaiseExpenseTest.RaiseExpense(RaiseExpenseTest.java:35)
</failure>
  </testcase>
  <testcase name="RaiseExpense" classname="Framework.TestingFramework.test.RaiseExpenseTest" time="0.003">
    <failure message="Session ID is null. Using WebDriver after calling quit()?&#10;Build info: version: &apos;3.12.0&apos;, revision: &apos;7c6e0b3&apos;, time: &apos;2018-05-08T14:04:26.12Z&apos;&#10;System info: host: &apos;psslass11153-System-Product-Name&apos;, ip: &apos;127.0.1.1&apos;, os.name: &apos;Linux&apos;, os.arch: &apos;amd64&apos;, os.version: &apos;3.13.0-141-generic&apos;, java.version: &apos;1.8.0_161&apos;&#10;Driver info: driver.version: EventFiringWebDriver" type="org.openqa.selenium.NoSuchSessionException">org.openqa.selenium.NoSuchSessionException: 
Session ID is null. Using WebDriver after calling quit()?
Build info: version: '3.12.0', revision: '7c6e0b3', time: '2018-05-08T14:04:26.12Z'
System info: host: 'psslass11153-System-Product-Name', ip: '127.0.1.1', os.name: 'Linux', os.arch: 'amd64', os.version: '3.13.0-141-generic', java.version: '1.8.0_161'
Driver info: driver.version: EventFiringWebDriver
	at Framework.TestingFramework.test.RaiseExpenseTest.RaiseExpense(RaiseExpenseTest.java:35)
</failure>
  </testcase>
  <testcase name="RaiseExpense" classname="Framework.TestingFramework.test.RaiseExpenseTest" time="0.004">
    <failure message="Session ID is null. Using WebDriver after calling quit()?&#10;Build info: version: &apos;3.12.0&apos;, revision: &apos;7c6e0b3&apos;, time: &apos;2018-05-08T14:04:26.12Z&apos;&#10;System info: host: &apos;psslass11153-System-Product-Name&apos;, ip: &apos;127.0.1.1&apos;, os.name: &apos;Linux&apos;, os.arch: &apos;amd64&apos;, os.version: &apos;3.13.0-141-generic&apos;, java.version: &apos;1.8.0_161&apos;&#10;Driver info: driver.version: EventFiringWebDriver" type="org.openqa.selenium.NoSuchSessionException">org.openqa.selenium.NoSuchSessionException: 
Session ID is null. Using WebDriver after calling quit()?
Build info: version: '3.12.0', revision: '7c6e0b3', time: '2018-05-08T14:04:26.12Z'
System info: host: 'psslass11153-System-Product-Name', ip: '127.0.1.1', os.name: 'Linux', os.arch: 'amd64', os.version: '3.13.0-141-generic', java.version: '1.8.0_161'
Driver info: driver.version: EventFiringWebDriver
	at Framework.TestingFramework.test.RaiseExpenseTest.RaiseExpense(RaiseExpenseTest.java:35)
</failure>
  </testcase>
  <testcase name="fillDsr" classname="Framework.TestingFramework.test.FillDSRTest" time="2.067">
    <failure message="Session ID is null. Using WebDriver after calling quit()?&#10;Build info: version: &apos;3.12.0&apos;, revision: &apos;7c6e0b3&apos;, time: &apos;2018-05-08T14:04:26.12Z&apos;&#10;System info: host: &apos;psslass11153-System-Product-Name&apos;, ip: &apos;127.0.1.1&apos;, os.name: &apos;Linux&apos;, os.arch: &apos;amd64&apos;, os.version: &apos;3.13.0-141-generic&apos;, java.version: &apos;1.8.0_161&apos;&#10;Driver info: driver.version: EventFiringWebDriver" type="org.openqa.selenium.NoSuchSessionException">org.openqa.selenium.NoSuchSessionException: 
Session ID is null. Using WebDriver after calling quit()?
Build info: version: '3.12.0', revision: '7c6e0b3', time: '2018-05-08T14:04:26.12Z'
System info: host: 'psslass11153-System-Product-Name', ip: '127.0.1.1', os.name: 'Linux', os.arch: 'amd64', os.version: '3.13.0-141-generic', java.version: '1.8.0_161'
Driver info: driver.version: EventFiringWebDriver
	at Framework.TestingFramework.test.FillDSRTest.fillDsr(FillDSRTest.java:32)
</failure>
    <system-out><![CDATA[src//test//resources//chromedriver
]]></system-out>
    <system-err><![CDATA[May 31, 2018 6:58:43 PM org.openqa.selenium.remote.DesiredCapabilities chrome
INFO: Using `new ChromeOptions()` is preferred to `DesiredCapabilities.chrome()`
Starting ChromeDriver 2.38.552522 (437e6fbedfa8762dec75e2c5b3ddb86763dc9dcb) on port 16117
Only local connections are allowed.
May 31, 2018 6:58:43 PM org.openqa.selenium.remote.ProtocolHandshake createSession
INFO: Detected dialect: OSS
org.openqa.selenium.NoSuchSessionException: Session ID is null. Using WebDriver after calling quit()?
Build info: version: '3.12.0', revision: '7c6e0b3', time: '2018-05-08T14:04:26.12Z'
System info: host: 'psslass11153-System-Product-Name', ip: '127.0.1.1', os.name: 'Linux', os.arch: 'amd64', os.version: '3.13.0-141-generic', java.version: '1.8.0_161'
Driver info: driver.version: RemoteWebDriver
	at org.openqa.selenium.remote.HttpCommandExecutor.execute(HttpCommandExecutor.java:125)
	at org.openqa.selenium.remote.service.DriverCommandExecutor.execute(DriverCommandExecutor.java:83)
	at org.openqa.selenium.remote.RemoteWebDriver.execute(RemoteWebDriver.java:543)
	at org.openqa.selenium.remote.RemoteWebDriver.get(RemoteWebDriver.java:271)
	at org.openqa.selenium.remote.RemoteWebDriver$RemoteNavigation.to(RemoteWebDriver.java:848)
	at org.openqa.selenium.support.events.EventFiringWebDriver$EventFiringNavigation.to(EventFiringWebDriver.java:512)
	at Framework.TestingFramework.methods.FusionLoginLogout.LoginToFusion(FusionLoginLogout.java:58)
	at Framework.TestingFramework.methods.DSRHome.fillDsr(DSRHome.java:67)
	at Framework.TestingFramework.test.FillDSRTest.fillDsr(FillDSRTest.java:32)
	at sun.reflect.NativeMethodAccessorImpl.invoke0(Native Method)
	at sun.reflect.NativeMethodAccessorImpl.invoke(NativeMethodAccessorImpl.java:62)
	at sun.reflect.DelegatingMethodAccessorImpl.invoke(DelegatingMethodAccessorImpl.java:43)
	at java.lang.reflect.Method.invoke(Method.java:498)
	at org.testng.internal.MethodInvocationHelper.invokeMethod(MethodInvocationHelper.java:108)
	at org.testng.internal.Invoker.invokeMethod(Invoker.java:661)
	at org.testng.internal.Invoker.invokeTestMethod(Invoker.java:869)
	at org.testng.internal.Invoker.invokeTestMethods(Invoker.java:1193)
	at org.testng.internal.TestMethodWorker.invokeTestMethods(TestMethodWorker.java:126)
	at org.testng.internal.TestMethodWorker.run(TestMethodWorker.java:109)
	at org.testng.TestRunner.privateRun(TestRunner.java:744)
	at org.testng.TestRunner.run(TestRunner.java:602)
	at org.testng.SuiteRunner.runTest(SuiteRunner.java:380)
	at org.testng.SuiteRunner.access$000(SuiteRunner.java:39)
	at org.testng.SuiteRunner$SuiteWorker.run(SuiteRunner.java:414)
	at org.testng.internal.thread.ThreadUtil$1.call(ThreadUtil.java:52)
	at java.util.concurrent.FutureTask.run(FutureTask.java:266)
	at java.util.concurrent.ThreadPoolExecutor.runWorker(ThreadPoolExecutor.java:1149)
	at java.util.concurrent.ThreadPoolExecutor$Worker.run(ThreadPoolExecutor.java:624)
	at java.lang.Thread.run(Thread.java:748)
]]></system-err>
  </testcase>
</testsuite>