<?xml version="1.0" encoding="UTF-8"?>
<testng-results skipped="0" failed="0" ignored="0" total="2" passed="2">
  <reporter-output>
  </reporter-output>
  <suite name="Default suite" duration-ms="216212" started-at="2018-06-04T11:06:18Z" finished-at="2018-06-04T11:09:54Z">
    <groups>
    </groups>
    <test name="Default test" duration-ms="216212" started-at="2018-06-04T11:06:18Z" finished-at="2018-06-04T11:09:54Z">
      <class name="Framework.TestingFramework.test.FeedbackTest">
        <test-method status="PASS" signature="beforeSuite()[pri:0, instance:Framework.TestingFramework.test.FeedbackTest@1794d431]" name="beforeSuite" is-config="true" duration-ms="44" started-at="2018-06-04T16:36:18Z" finished-at="2018-06-04T16:36:18Z">
          <reporter-output>
          </reporter-output>
        </test-method> <!-- beforeSuite -->
        <test-method status="PASS" signature="setUp()[pri:0, instance:Framework.TestingFramework.test.FeedbackTest@1794d431]" name="setUp" is-config="true" duration-ms="14971" started-at="2018-06-04T16:36:18Z" finished-at="2018-06-04T16:36:33Z">
          <reporter-output>
          </reporter-output>
        </test-method> <!-- setUp -->
        <test-method status="PASS" signature="testSetUp()[pri:0, instance:Framework.TestingFramework.test.FeedbackTest@1794d431]" name="testSetUp" is-config="true" duration-ms="48" started-at="2018-06-04T16:36:33Z" finished-at="2018-06-04T16:36:33Z">
          <reporter-output>
          </reporter-output>
        </test-method> <!-- testSetUp -->
        <test-method status="PASS" signature="DuplicateFeedback()[pri:0, instance:Framework.TestingFramework.test.FeedbackTest@1794d431]" name="DuplicateFeedback" duration-ms="119341" started-at="2018-06-04T16:36:33Z" description="TC_FB_02" finished-at="2018-06-04T16:38:33Z">
          <reporter-output>
          </reporter-output>
        </test-method> <!-- DuplicateFeedback -->
        <test-method status="PASS" signature="RaiseApproveRejectFeed()[pri:0, instance:Framework.TestingFramework.test.FeedbackTest@1794d431]" name="RaiseApproveRejectFeed" duration-ms="80751" started-at="2018-06-04T16:38:33Z" description="TC_FB_01" finished-at="2018-06-04T16:39:53Z">
          <reporter-output>
          </reporter-output>
        </test-method> <!-- RaiseApproveRejectFeed -->
        <test-method status="PASS" signature="tearDown()[pri:0, instance:Framework.TestingFramework.test.FeedbackTest@1794d431]" name="tearDown" is-config="true" duration-ms="941" started-at="2018-06-04T16:39:53Z" finished-at="2018-06-04T16:39:54Z">
          <reporter-output>
          </reporter-output>
        </test-method> <!-- tearDown -->
      </class> <!-- Framework.TestingFramework.test.FeedbackTest -->
    </test> <!-- Default test -->
  </suite> <!-- Default suite -->
</testng-results>
