<?xml version="1.0" encoding="UTF-8"?>
<testng-results skipped="0" failed="0" ignored="0" total="1" passed="1">
  <reporter-output>
  </reporter-output>
  <suite name="Default suite" duration-ms="127761" started-at="2018-05-31T06:50:14Z" finished-at="2018-05-31T06:52:22Z">
    <groups>
    </groups>
    <test name="Default test" duration-ms="127761" started-at="2018-05-31T06:50:14Z" finished-at="2018-05-31T06:52:22Z">
      <class name="Framework.TestingFramework.test.FeedbackTest">
        <test-method status="PASS" signature="beforeSuite()[pri:0, instance:Framework.TestingFramework.test.FeedbackTest@1794d431]" name="beforeSuite" is-config="true" duration-ms="6" started-at="2018-05-31T12:20:14Z" finished-at="2018-05-31T12:20:14Z">
          <reporter-output>
          </reporter-output>
        </test-method> <!-- beforeSuite -->
        <test-method status="PASS" signature="setUp()[pri:0, instance:Framework.TestingFramework.test.FeedbackTest@1794d431]" name="setUp" is-config="true" duration-ms="14965" started-at="2018-05-31T12:20:14Z" finished-at="2018-05-31T12:20:29Z">
          <reporter-output>
          </reporter-output>
        </test-method> <!-- setUp -->
        <test-method status="PASS" signature="testSetUp()[pri:0, instance:Framework.TestingFramework.test.FeedbackTest@1794d431]" name="testSetUp" is-config="true" duration-ms="43" started-at="2018-05-31T12:20:29Z" finished-at="2018-05-31T12:20:29Z">
          <reporter-output>
          </reporter-output>
        </test-method> <!-- testSetUp -->
        <test-method status="PASS" signature="DuplicateFeedback()[pri:0, instance:Framework.TestingFramework.test.FeedbackTest@1794d431]" name="DuplicateFeedback" duration-ms="111870" started-at="2018-05-31T12:20:29Z" description="TC_FB_02" finished-at="2018-05-31T12:22:21Z">
          <reporter-output>
          </reporter-output>
        </test-method> <!-- DuplicateFeedback -->
        <test-method status="PASS" signature="tearDown()[pri:0, instance:Framework.TestingFramework.test.FeedbackTest@1794d431]" name="tearDown" is-config="true" duration-ms="796" started-at="2018-05-31T12:22:21Z" finished-at="2018-05-31T12:22:22Z">
          <reporter-output>
          </reporter-output>
        </test-method> <!-- tearDown -->
      </class> <!-- Framework.TestingFramework.test.FeedbackTest -->
    </test> <!-- Default test -->
  </suite> <!-- Default suite -->
</testng-results>
