<?xml version="1.0" encoding="UTF-8"?>
<testng-results skipped="0" failed="0" ignored="0" total="1" passed="1">
  <reporter-output>
  </reporter-output>
  <suite name="Default suite" duration-ms="438921" started-at="2018-09-26T09:33:08Z" finished-at="2018-09-26T09:40:27Z">
    <groups>
    </groups>
    <test name="Default test" duration-ms="438921" started-at="2018-09-26T09:33:08Z" finished-at="2018-09-26T09:40:27Z">
      <class name="Framework.TestingFramework.test.RMSFlowTest">
        <test-method status="PASS" signature="beforeSuite()[pri:0, instance:Framework.TestingFramework.test.RMSFlowTest@6e1567f1]" name="beforeSuite" is-config="true" duration-ms="23" started-at="2018-09-26T15:03:08Z" finished-at="2018-09-26T15:03:08Z">
          <reporter-output>
          </reporter-output>
        </test-method> <!-- beforeSuite -->
        <test-method status="PASS" signature="setUp()[pri:0, instance:Framework.TestingFramework.test.RMSFlowTest@6e1567f1]" name="setUp" is-config="true" duration-ms="12267" started-at="2018-09-26T15:03:08Z" finished-at="2018-09-26T15:03:21Z">
          <reporter-output>
          </reporter-output>
        </test-method> <!-- setUp -->
        <test-method status="PASS" signature="testSetUp()[pri:0, instance:Framework.TestingFramework.test.RMSFlowTest@6e1567f1]" name="testSetUp" is-config="true" duration-ms="201" started-at="2018-09-26T15:03:21Z" finished-at="2018-09-26T15:03:21Z">
          <reporter-output>
          </reporter-output>
        </test-method> <!-- testSetUp -->
        <test-method status="PASS" signature="RMSFlow_Test()[pri:0, instance:Framework.TestingFramework.test.RMSFlowTest@6e1567f1]" name="RMSFlow_Test" duration-ms="426078" started-at="2018-09-26T15:03:21Z" description="TC_RMSFLOW_01" finished-at="2018-09-26T15:10:27Z">
          <reporter-output>
          </reporter-output>
        </test-method> <!-- RMSFlow_Test -->
        <test-method status="PASS" signature="tearDown()[pri:0, instance:Framework.TestingFramework.test.RMSFlowTest@6e1567f1]" name="tearDown" is-config="true" duration-ms="288" started-at="2018-09-26T15:10:27Z" finished-at="2018-09-26T15:10:27Z">
          <reporter-output>
          </reporter-output>
        </test-method> <!-- tearDown -->
      </class> <!-- Framework.TestingFramework.test.RMSFlowTest -->
    </test> <!-- Default test -->
  </suite> <!-- Default suite -->
</testng-results>
